# JRE version: OpenJDK Runtime Environment (8.0_152-b01) (build 1.8.0_152-release-915-b01)
# Java VM: OpenJDK 64-Bit Server VM (25.152-b01 mixed mode windows-amd64 compressed oops)
Heap:
 PSYoungGen      total 297472K, used 46022K [0x00000000e0000000, 0x00000000f3800000, 0x0000000100000000)
  eden space 275456K, 16% used [0x00000000e0000000,0x00000000e2cf1bf0,0x00000000f0d00000)
  from space 22016K, 0% used [0x00000000f0d00000,0x00000000f0d00000,0x00000000f2280000)
  to   space 16384K, 0% used [0x00000000f2280000,0x00000000f2280000,0x00000000f3280000)
 ParOldGen       total 101888K, used 42200K [0x00000000a0000000, 0x00000000a6380000, 0x00000000e0000000)
  object space 101888K, 41% used [0x00000000a0000000,0x00000000a29363c0,0x00000000a6380000)
 Metaspace       used 58017K, capacity 59986K, committed 60120K, reserved 1101824K
  class space    used 7788K, capacity 8325K, committed 8448K, reserved 1048576K
GC Heap History (10 events):
Event: 14.833 GC heap before
{Heap before GC invocations=10 (full 2):
 PSYoungGen      total 205824K, used 11245K [0x00000000e0000000, 0x00000000edc00000, 0x0000000100000000)
  eden space 194560K, 0% used [0x00000000e0000000,0x00000000e0000000,0x00000000ebe00000)
  from space 11264K, 99% used [0x00000000eca80000,0x00000000ed57b540,0x00000000ed580000)
  to   space 12800K, 0% used [0x00000000ebe00000,0x00000000ebe00000,0x00000000eca80000)
 ParOldGen       total 43520K, used 10039K [0x00000000a0000000, 0x00000000a2a80000, 0x00000000e0000000)
  object space 43520K, 23% used [0x00000000a0000000,0x00000000a09cdf58,0x00000000a2a80000)
 Metaspace       used 34506K, capacity 35374K, committed 35416K, reserved 1079296K
  class space    used 4661K, capacity 4983K, committed 4992K, reserved 1048576K
Event: 15.012 GC heap after
Heap after GC invocations=10 (full 2):
 PSYoungGen      total 205824K, used 0K [0x00000000e0000000, 0x00000000edc00000, 0x0000000100000000)
  eden space 194560K, 0% used [0x00000000e0000000,0x00000000e0000000,0x00000000ebe00000)
  from space 11264K, 0% used [0x00000000eca80000,0x00000000eca80000,0x00000000ed580000)
  to   space 12800K, 0% used [0x00000000ebe00000,0x00000000ebe00000,0x00000000eca80000)
 ParOldGen       total 61440K, used 17746K [0x00000000a0000000, 0x00000000a3c00000, 0x00000000e0000000)
  object space 61440K, 28% used [0x00000000a0000000,0x00000000a11549e0,0x00000000a3c00000)
 Metaspace       used 34506K, capacity 35374K, committed 35416K, reserved 1079296K
  class space    used 4661K, capacity 4983K, committed 4992K, reserved 1048576K
}
Event: 19.068 GC heap before
{Heap before GC invocations=11 (full 2):
 PSYoungGen      total 205824K, used 194560K [0x00000000e0000000, 0x00000000edc00000, 0x0000000100000000)
  eden space 194560K, 100% used [0x00000000e0000000,0x00000000ebe00000,0x00000000ebe00000)
  from space 11264K, 0% used [0x00000000eca80000,0x00000000eca80000,0x00000000ed580000)
  to   space 12800K, 0% used [0x00000000ebe00000,0x00000000ebe00000,0x00000000eca80000)
 ParOldGen       total 61440K, used 17746K [0x00000000a0000000, 0x00000000a3c00000, 0x00000000e0000000)
  object space 61440K, 28% used [0x00000000a0000000,0x00000000a11549e0,0x00000000a3c00000)
 Metaspace       used 47374K, capacity 48550K, committed 48728K, reserved 1091584K
  class space    used 6390K, capacity 6742K, committed 6784K, reserved 1048576K
Event: 19.155 GC heap after
Heap after GC invocations=11 (full 2):
 PSYoungGen      total 207360K, used 12794K [0x00000000e0000000, 0x00000000f3280000, 0x0000000100000000)
  eden space 194560K, 0% used [0x00000000e0000000,0x00000000e0000000,0x00000000ebe00000)
  from space 12800K, 99% used [0x00000000ebe00000,0x00000000eca7e870,0x00000000eca80000)
  to   space 16384K, 0% used [0x00000000f2280000,0x00000000f2280000,0x00000000f3280000)
 ParOldGen       total 61440K, used 22633K [0x00000000a0000000, 0x00000000a3c00000, 0x00000000e0000000)
  object space 61440K, 36% used [0x00000000a0000000,0x00000000a161a588,0x00000000a3c00000)
 Metaspace       used 47374K, capacity 48550K, committed 48728K, reserved 1091584K
  class space    used 6390K, capacity 6742K, committed 6784K, reserved 1048576K
}
Event: 26.439 GC heap before
{Heap before GC invocations=12 (full 2):
 PSYoungGen      total 207360K, used 207354K [0x00000000e0000000, 0x00000000f3280000, 0x0000000100000000)
  eden space 194560K, 100% used [0x00000000e0000000,0x00000000ebe00000,0x00000000ebe00000)
  from space 12800K, 99% used [0x00000000ebe00000,0x00000000eca7e870,0x00000000eca80000)
  to   space 16384K, 0% used [0x00000000f2280000,0x00000000f2280000,0x00000000f3280000)
 ParOldGen       total 61440K, used 22633K [0x00000000a0000000, 0x00000000a3c00000, 0x00000000e0000000)
  object space 61440K, 36% used [0x00000000a0000000,0x00000000a161a588,0x00000000a3c00000)
 Metaspace       used 54349K, capacity 55984K, committed 56152K, reserved 1097728K
  class space    used 7301K, capacity 7784K, committed 7808K, reserved 1048576K
Event: 26.494 GC heap after
Heap after GC invocations=12 (full 2):
 PSYoungGen      total 291840K, used 16368K [0x00000000e0000000, 0x00000000f3800000, 0x0000000100000000)
  eden space 275456K, 0% used [0x00000000e0000000,0x00000000e0000000,0x00000000f0d00000)
  from space 16384K, 99% used [0x00000000f2280000,0x00000000f327c018,0x00000000f3280000)
  to   space 22016K, 0% used [0x00000000f0d00000,0x00000000f0d00000,0x00000000f2280000)
 ParOldGen       total 61440K, used 32680K [0x00000000a0000000, 0x00000000a3c00000, 0x00000000e0000000)
  object space 61440K, 53% used [0x00000000a0000000,0x00000000a1fea050,0x00000000a3c00000)
 Metaspace       used 54349K, capacity 55984K, committed 56152K, reserved 1097728K
  class space    used 7301K, capacity 7784K, committed 7808K, reserved 1048576K
}
Event: 27.970 GC heap before
{Heap before GC invocations=13 (full 2):
 PSYoungGen      total 291840K, used 88490K [0x00000000e0000000, 0x00000000f3800000, 0x0000000100000000)
  eden space 275456K, 26% used [0x00000000e0000000,0x00000000e466e910,0x00000000f0d00000)
  from space 16384K, 99% used [0x00000000f2280000,0x00000000f327c018,0x00000000f3280000)
  to   space 22016K, 0% used [0x00000000f0d00000,0x00000000f0d00000,0x00000000f2280000)
 ParOldGen       total 61440K, used 32680K [0x00000000a0000000, 0x00000000a3c00000, 0x00000000e0000000)
  object space 61440K, 53% used [0x00000000a0000000,0x00000000a1fea050,0x00000000a3c00000)
 Metaspace       used 57051K, capacity 58976K, committed 59028K, reserved 1099776K
  class space    used 7652K, capacity 8174K, committed 8192K, reserved 1048576K
Event: 28.131 GC heap after
Heap after GC invocations=13 (full 2):
 PSYoungGen      total 297472K, used 5694K [0x00000000e0000000, 0x00000000f3800000, 0x0000000100000000)
  eden space 275456K, 0% used [0x00000000e0000000,0x00000000e0000000,0x00000000f0d00000)
  from space 22016K, 25% used [0x00000000f0d00000,0x00000000f128f9b8,0x00000000f2280000)
  to   space 16384K, 0% used [0x00000000f2280000,0x00000000f2280000,0x00000000f3280000)
 ParOldGen       total 61440K, used 48991K [0x00000000a0000000, 0x00000000a3c00000, 0x00000000e0000000)
  object space 61440K, 79% used [0x00000000a0000000,0x00000000a2fd7dd0,0x00000000a3c00000)
 Metaspace       used 57051K, capacity 58976K, committed 59028K, reserved 1099776K
  class space    used 7652K, capacity 8174K, committed 8192K, reserved 1048576K
}
Event: 28.132 GC heap before
{Heap before GC invocations=14 (full 3):
 PSYoungGen      total 297472K, used 5694K [0x00000000e0000000, 0x00000000f3800000, 0x0000000100000000)
  eden space 275456K, 0% used [0x00000000e0000000,0x00000000e0000000,0x00000000f0d00000)
  from space 22016K, 25% used [0x00000000f0d00000,0x00000000f128f9b8,0x00000000f2280000)
  to   space 16384K, 0% used [0x00000000f2280000,0x00000000f2280000,0x00000000f3280000)
 ParOldGen       total 61440K, used 48991K [0x00000000a0000000, 0x00000000a3c00000, 0x00000000e0000000)
  object space 61440K, 79% used [0x00000000a0000000,0x00000000a2fd7dd0,0x00000000a3c00000)
 Metaspace       used 57051K, capacity 58976K, committed 59028K, reserved 1099776K
  class space    used 7652K, capacity 8174K, committed 8192K, reserved 1048576K
Event: 28.660 GC heap after
Heap after GC invocations=14 (full 3):
 PSYoungGen      total 297472K, used 0K [0x00000000e0000000, 0x00000000f3800000, 0x0000000100000000)
  eden space 275456K, 0% used [0x00000000e0000000,0x00000000e0000000,0x00000000f0d00000)
  from space 22016K, 0% used [0x00000000f0d00000,0x00000000f0d00000,0x00000000f2280000)
  to   space 16384K, 0% used [0x00000000f2280000,0x00000000f2280000,0x00000000f3280000)
 ParOldGen       total 101888K, used 42200K [0x00000000a0000000, 0x00000000a6380000, 0x00000000e0000000)
  object space 101888K, 41% used [0x00000000a0000000,0x00000000a29363c0,0x00000000a6380000)
 Metaspace       used 57051K, capacity 58976K, committed 59028K, reserved 1099776K
  class space    used 7652K, capacity 8174K, committed 8192K, reserved 1048576K
}

